# JRE version: Java(TM) SE Runtime Environment (8.0_211-b12) (build 1.8.0_211-b12)
# Java VM: Java HotSpot(TM) 64-Bit Server VM (25.211-b12 mixed mode linux-amd64 compressed oops)
Heap:
 PSYoungGen      total 68608K, used 2073K [0x00000000f5580000, 0x00000000f9b80000, 0x0000000100000000)
  eden space 65536K, 0% used [0x00000000f5580000,0x00000000f5580000,0x00000000f9580000)
  from space 3072K, 67% used [0x00000000f9580000,0x00000000f9786760,0x00000000f9880000)
  to   space 3072K, 0% used [0x00000000f9880000,0x00000000f9880000,0x00000000f9b80000)
 ParOldGen       total 44032K, used 2492K [0x00000000e0000000, 0x00000000e2b00000, 0x00000000f5580000)
  object space 44032K, 5% used [0x00000000e0000000,0x00000000e026f300,0x00000000e2b00000)
 Metaspace       used 14303K, capacity 14664K, committed 14976K, reserved 1062912K
  class space    used 1717K, capacity 1819K, committed 1920K, reserved 1048576K
GC Heap History (10 events):
Event: 3.152 GC heap after
Heap after GC invocations=2 (full 0):
 PSYoungGen      total 18944K, used 2229K [0x00000000f5580000, 0x00000000f7a80000, 0x0000000100000000)
  eden space 16384K, 0% used [0x00000000f5580000,0x00000000f5580000,0x00000000f6580000)
  from space 2560K, 87% used [0x00000000f6800000,0x00000000f6a2d7b0,0x00000000f6a80000)
  to   space 2560K, 0% used [0x00000000f6580000,0x00000000f6580000,0x00000000f6800000)
 ParOldGen       total 44032K, used 16K [0x00000000e0000000, 0x00000000e2b00000, 0x00000000f5580000)
  object space 44032K, 0% used [0x00000000e0000000,0x00000000e0004000,0x00000000e2b00000)
 Metaspace       used 5856K, capacity 6110K, committed 6400K, reserved 1056768K
  class space    used 620K, capacity 691K, committed 768K, reserved 1048576K
}
Event: 3.563 GC heap before
{Heap before GC invocations=3 (full 0):
 PSYoungGen      total 18944K, used 18613K [0x00000000f5580000, 0x00000000f7a80000, 0x0000000100000000)
  eden space 16384K, 100% used [0x00000000f5580000,0x00000000f6580000,0x00000000f6580000)
  from space 2560K, 87% used [0x00000000f6800000,0x00000000f6a2d7b0,0x00000000f6a80000)
  to   space 2560K, 0% used [0x00000000f6580000,0x00000000f6580000,0x00000000f6800000)
 ParOldGen       total 44032K, used 16K [0x00000000e0000000, 0x00000000e2b00000, 0x00000000f5580000)
  object space 44032K, 0% used [0x00000000e0000000,0x00000000e0004000,0x00000000e2b00000)
 Metaspace       used 6680K, capacity 6954K, committed 7040K, reserved 1056768K
  class space    used 728K, capacity 821K, committed 896K, reserved 1048576K
Event: 3.577 GC heap after
Heap after GC invocations=3 (full 0):
 PSYoungGen      total 18944K, used 2383K [0x00000000f5580000, 0x00000000f7a80000, 0x0000000100000000)
  eden space 16384K, 0% used [0x00000000f5580000,0x00000000f5580000,0x00000000f6580000)
  from space 2560K, 93% used [0x00000000f6580000,0x00000000f67d3f00,0x00000000f6800000)
  to   space 2560K, 0% used [0x00000000f7800000,0x00000000f7800000,0x00000000f7a80000)
 ParOldGen       total 44032K, used 24K [0x00000000e0000000, 0x00000000e2b00000, 0x00000000f5580000)
  object space 44032K, 0% used [0x00000000e0000000,0x00000000e0006000,0x00000000e2b00000)
 Metaspace       used 6680K, capacity 6954K, committed 7040K, reserved 1056768K
  class space    used 728K, capacity 821K, committed 896K, reserved 1048576K
}
Event: 3.813 GC heap before
{Heap before GC invocations=4 (full 0):
 PSYoungGen      total 18944K, used 18767K [0x00000000f5580000, 0x00000000f7a80000, 0x0000000100000000)
  eden space 16384K, 100% used [0x00000000f5580000,0x00000000f6580000,0x00000000f6580000)
  from space 2560K, 93% used [0x00000000f6580000,0x00000000f67d3f00,0x00000000f6800000)
  to   space 2560K, 0% used [0x00000000f7800000,0x00000000f7800000,0x00000000f7a80000)
 ParOldGen       total 44032K, used 24K [0x00000000e0000000, 0x00000000e2b00000, 0x00000000f5580000)
  object space 44032K, 0% used [0x00000000e0000000,0x00000000e0006000,0x00000000e2b00000)
 Metaspace       used 7403K, capacity 7706K, committed 7936K, reserved 1056768K
  class space    used 837K, capacity 923K, committed 1024K, reserved 1048576K
Event: 3.824 GC heap after
Heap after GC invocations=4 (full 0):
 PSYoungGen      total 35328K, used 2546K [0x00000000f5580000, 0x00000000f7a80000, 0x0000000100000000)
  eden space 32768K, 0% used [0x00000000f5580000,0x00000000f5580000,0x00000000f7580000)
  from space 2560K, 99% used [0x00000000f7800000,0x00000000f7a7cac0,0x00000000f7a80000)
  to   space 2560K, 0% used [0x00000000f7580000,0x00000000f7580000,0x00000000f7800000)
 ParOldGen       total 44032K, used 104K [0x00000000e0000000, 0x00000000e2b00000, 0x00000000f5580000)
  object space 44032K, 0% used [0x00000000e0000000,0x00000000e001a000,0x00000000e2b00000)
 Metaspace       used 7403K, capacity 7706K, committed 7936K, reserved 1056768K
  class space    used 837K, capacity 923K, committed 1024K, reserved 1048576K
}
Event: 4.161 GC heap before
{Heap before GC invocations=5 (full 0):
 PSYoungGen      total 35328K, used 35314K [0x00000000f5580000, 0x00000000f7a80000, 0x0000000100000000)
  eden space 32768K, 100% used [0x00000000f5580000,0x00000000f7580000,0x00000000f7580000)
  from space 2560K, 99% used [0x00000000f7800000,0x00000000f7a7cac0,0x00000000f7a80000)
  to   space 2560K, 0% used [0x00000000f7580000,0x00000000f7580000,0x00000000f7800000)
 ParOldGen       total 44032K, used 104K [0x00000000e0000000, 0x00000000e2b00000, 0x00000000f5580000)
  object space 44032K, 0% used [0x00000000e0000000,0x00000000e001a000,0x00000000e2b00000)
 Metaspace       used 9091K, capacity 9412K, committed 9728K, reserved 1058816K
  class space    used 1070K, capacity 1188K, committed 1280K, reserved 1048576K
Event: 4.170 GC heap after
Heap after GC invocations=5 (full 0):
 PSYoungGen      total 35328K, used 2530K [0x00000000f5580000, 0x00000000f9b80000, 0x0000000100000000)
  eden space 32768K, 0% used [0x00000000f5580000,0x00000000f5580000,0x00000000f7580000)
  from space 2560K, 98% used [0x00000000f7580000,0x00000000f77f8ad0,0x00000000f7800000)
  to   space 3072K, 0% used [0x00000000f9880000,0x00000000f9880000,0x00000000f9b80000)
 ParOldGen       total 44032K, used 472K [0x00000000e0000000, 0x00000000e2b00000, 0x00000000f5580000)
  object space 44032K, 1% used [0x00000000e0000000,0x00000000e0076000,0x00000000e2b00000)
 Metaspace       used 9091K, capacity 9412K, committed 9728K, reserved 1058816K
  class space    used 1070K, capacity 1188K, committed 1280K, reserved 1048576K
}
Event: 4.245 GC heap before
{Heap before GC invocations=6 (full 0):
 PSYoungGen      total 35328K, used 35298K [0x00000000f5580000, 0x00000000f9b80000, 0x0000000100000000)
  eden space 32768K, 100% used [0x00000000f5580000,0x00000000f7580000,0x00000000f7580000)
  from space 2560K, 98% used [0x00000000f7580000,0x00000000f77f8ad0,0x00000000f7800000)
  to   space 3072K, 0% used [0x00000000f9880000,0x00000000f9880000,0x00000000f9b80000)
 ParOldGen       total 44032K, used 472K [0x00000000e0000000, 0x00000000e2b00000, 0x00000000f5580000)
  object space 44032K, 1% used [0x00000000e0000000,0x00000000e0076000,0x00000000e2b00000)
 Metaspace       used 9110K, capacity 9430K, committed 9728K, reserved 1058816K
  class space    used 1073K, capacity 1191K, committed 1280K, reserved 1048576K
Event: 4.261 GC heap after
Heap after GC invocations=6 (full 0):
 PSYoungGen      total 68608K, used 2543K [0x00000000f5580000, 0x00000000f9b80000, 0x0000000100000000)
  eden space 65536K, 0% used [0x00000000f5580000,0x00000000f5580000,0x00000000f9580000)
  from space 3072K, 82% used [0x00000000f9880000,0x00000000f9afbf00,0x00000000f9b80000)
  to   space 3072K, 0% used [0x00000000f9580000,0x00000000f9580000,0x00000000f9880000)
 ParOldGen       total 44032K, used 480K [0x00000000e0000000, 0x00000000e2b00000, 0x00000000f5580000)
  object space 44032K, 1% used [0x00000000e0000000,0x00000000e0078000,0x00000000e2b00000)
 Metaspace       used 9110K, capacity 9430K, committed 9728K, reserved 1058816K
  class space    used 1073K, capacity 1191K, committed 1280K, reserved 1048576K
}
Event: 7.167 GC heap before
{Heap before GC invocations=7 (full 0):
 PSYoungGen      total 68608K, used 68079K [0x00000000f5580000, 0x00000000f9b80000, 0x0000000100000000)
  eden space 65536K, 100% used [0x00000000f5580000,0x00000000f9580000,0x00000000f9580000)
  from space 3072K, 82% used [0x00000000f9880000,0x00000000f9afbf00,0x00000000f9b80000)
  to   space 3072K, 0% used [0x00000000f9580000,0x00000000f9580000,0x00000000f9880000)
 ParOldGen       total 44032K, used 480K [0x00000000e0000000, 0x00000000e2b00000, 0x00000000f5580000)
  object space 44032K, 1% used [0x00000000e0000000,0x00000000e0078000,0x00000000e2b00000)
 Metaspace       used 14303K, capacity 14664K, committed 14976K, reserved 1062912K
  class space    used 1717K, capacity 1819K, committed 1920K, reserved 1048576K

